{"E:\\priv\\Apply\\vooca\\ewallet-systems\\src\\services\\users.js": {"path":"E:\\priv\\Apply\\vooca\\ewallet-systems\\src\\services\\users.js","statementMap":{"0":{"start":{"line":3,"column":18},"end":{"line":3,"column":20}},"1":{"start":{"line":5,"column":27},"end":{"line":14,"column":1}},"2":{"start":{"line":6,"column":15},"end":{"line":6,"column":53}},"3":{"start":{"line":7,"column":2},"end":{"line":12,"column":3}},"4":{"start":{"line":8,"column":4},"end":{"line":11,"column":5}},"5":{"start":{"line":13,"column":2},"end":{"line":13,"column":13}}},"fnMap":{"0":{"name":"(anonymous_0)","decl":{"start":{"line":5,"column":27},"end":{"line":5,"column":28}},"loc":{"start":{"line":5,"column":41},"end":{"line":14,"column":1}},"line":5}},"branchMap":{"0":{"loc":{"start":{"line":7,"column":2},"end":{"line":12,"column":3}},"type":"if","locations":[{"start":{"line":7,"column":2},"end":{"line":12,"column":3}},{"start":{},"end":{}}],"line":7}},"s":{"0":1,"1":1,"2":5,"3":4,"4":1,"5":3},"f":{"0":5},"b":{"0":[1,3]},"_coverageSchema":"1a1c01bbd47fc00a2c39e90264f33305004495a9","hash":"53f86c637e8e2b2b34e08b52ee0c1fc98ff114d1"}
,"E:\\priv\\Apply\\vooca\\ewallet-systems\\src\\services\\wallets.js": {"path":"E:\\priv\\Apply\\vooca\\ewallet-systems\\src\\services\\wallets.js","statementMap":{"0":{"start":{"line":3,"column":20},"end":{"line":3,"column":22}},"1":{"start":{"line":5,"column":35},"end":{"line":14,"column":1}},"2":{"start":{"line":6,"column":17},"end":{"line":6,"column":82}},"3":{"start":{"line":7,"column":2},"end":{"line":12,"column":3}},"4":{"start":{"line":8,"column":4},"end":{"line":11,"column":5}},"5":{"start":{"line":13,"column":2},"end":{"line":13,"column":15}},"6":{"start":{"line":16,"column":43},"end":{"line":25,"column":1}},"7":{"start":{"line":17,"column":17},"end":{"line":17,"column":72}},"8":{"start":{"line":18,"column":2},"end":{"line":23,"column":3}},"9":{"start":{"line":19,"column":4},"end":{"line":22,"column":5}},"10":{"start":{"line":24,"column":2},"end":{"line":24,"column":15}},"11":{"start":{"line":27,"column":28},"end":{"line":44,"column":1}},"12":{"start":{"line":28,"column":19},"end":{"line":28,"column":44}},"13":{"start":{"line":29,"column":26},"end":{"line":29,"column":81}},"14":{"start":{"line":30,"column":2},"end":{"line":35,"column":3}},"15":{"start":{"line":31,"column":4},"end":{"line":34,"column":5}},"16":{"start":{"line":37,"column":17},"end":{"line":41,"column":4}},"17":{"start":{"line":43,"column":2},"end":{"line":43,"column":15}},"18":{"start":{"line":46,"column":35},"end":{"line":51,"column":1}},"19":{"start":{"line":47,"column":2},"end":{"line":50,"column":3}}},"fnMap":{"0":{"name":"(anonymous_0)","decl":{"start":{"line":5,"column":35},"end":{"line":5,"column":36}},"loc":{"start":{"line":5,"column":74},"end":{"line":14,"column":1}},"line":5},"1":{"name":"(anonymous_1)","decl":{"start":{"line":16,"column":43},"end":{"line":16,"column":44}},"loc":{"start":{"line":16,"column":72},"end":{"line":25,"column":1}},"line":16},"2":{"name":"(anonymous_2)","decl":{"start":{"line":27,"column":28},"end":{"line":27,"column":29}},"loc":{"start":{"line":27,"column":74},"end":{"line":44,"column":1}},"line":27},"3":{"name":"(anonymous_3)","decl":{"start":{"line":46,"column":35},"end":{"line":46,"column":36}},"loc":{"start":{"line":46,"column":74},"end":{"line":51,"column":1}},"line":46}},"branchMap":{"0":{"loc":{"start":{"line":7,"column":2},"end":{"line":12,"column":3}},"type":"if","locations":[{"start":{"line":7,"column":2},"end":{"line":12,"column":3}},{"start":{},"end":{}}],"line":7},"1":{"loc":{"start":{"line":18,"column":2},"end":{"line":23,"column":3}},"type":"if","locations":[{"start":{"line":18,"column":2},"end":{"line":23,"column":3}},{"start":{},"end":{}}],"line":18},"2":{"loc":{"start":{"line":30,"column":2},"end":{"line":35,"column":3}},"type":"if","locations":[{"start":{"line":30,"column":2},"end":{"line":35,"column":3}},{"start":{},"end":{}}],"line":30}},"s":{"0":1,"1":1,"2":3,"3":3,"4":1,"5":2,"6":1,"7":2,"8":2,"9":1,"10":1,"11":1,"12":4,"13":4,"14":4,"15":1,"16":3,"17":3,"18":1,"19":1},"f":{"0":3,"1":2,"2":4,"3":1},"b":{"0":[1,2],"1":[1,1],"2":[1,3]},"_coverageSchema":"1a1c01bbd47fc00a2c39e90264f33305004495a9","hash":"b163ff23d58c7de3e6b78d42e54f2f0fa0bfa148"}
}
