TN:
SF:src\services\users.js
FN:5,(anonymous_0)
FNF:1
FNH:1
FNDA:5,(anonymous_0)
DA:3,1
DA:5,1
DA:6,5
DA:7,4
DA:8,1
DA:13,3
LF:6
LH:6
BRDA:7,0,0,1
BRDA:7,0,1,3
BRF:2
BRH:2
end_of_record
TN:
SF:src\services\wallets.js
FN:5,(anonymous_0)
FN:16,(anonymous_1)
FN:27,(anonymous_2)
FN:46,(anonymous_3)
FNF:4
FNH:4
FNDA:3,(anonymous_0)
FNDA:2,(anonymous_1)
FNDA:4,(anonymous_2)
FNDA:1,(anonymous_3)
DA:3,1
DA:5,1
DA:6,3
DA:7,3
DA:8,1
DA:13,2
DA:16,1
DA:17,2
DA:18,2
DA:19,1
DA:24,1
DA:27,1
DA:28,4
DA:29,4
DA:30,4
DA:31,1
DA:37,3
DA:43,3
DA:46,1
DA:47,1
LF:20
LH:20
BRDA:7,0,0,1
BRDA:7,0,1,2
BRDA:18,1,0,1
BRDA:18,1,1,1
BRDA:30,2,0,1
BRDA:30,2,1,3
BRF:6
BRH:6
end_of_record
